Auto-commit hello.java on 2025-04-08 19:17:29
Auto-commit hello.java on 2025-04-08 19:18:24
Auto-commit RunningSumof1dArray.java on 2025-04-08 20:16:36
Auto-commit RunningSumof1dArray.java on 2025-04-08 20:16:36
Auto-commit RunningSumof1dArray.java on 2025-04-08 20:16:41
Auto-commit hello.java on 2025-04-08 20:19:25
Auto-commit hello.java on 2025-04-08 20:19:29
Auto-commit hello.java on 2025-04-08 20:20:02
Auto-commit hello.java on 2025-04-08 20:20:10
Auto-commit hello.java on 2025-04-08 20:20:17
Auto-commit hello.java on 2025-04-08 20:21:28
Auto-commit testing.java on 2025-04-08 20:46:55
Auto-commit testing.java on 2025-04-08 20:47:07
Auto-commit testing.java on 2025-04-08 20:51:16
Auto-commit FizzBuzz.java on 2025-04-08 21:16:27
Auto-commit FizzBuzz.java on 2025-04-08 21:16:48
Auto-commit NumberofStepstoReduceaNumbertoZero.java on 2025-04-08 21:17:48
Auto-commit RunningSumof1dArray.java on 2025-04-08 21:18:31
Auto-commit RichestCustomerWealth.java on 2025-04-08 21:19:44
Auto-commit RichestCustomerWealth.java on 2025-04-08 21:19:45
Auto-commit RichestCustomerWealth.java on 2025-04-08 21:19:58
Auto-commit RichestCustomerWealth.java on 2025-04-08 21:21:04
Auto-commit RunningSumof1dArray.java on 2025-04-08 21:51:17
